#
# A fatal error has been detected by the Java Runtime Environment:
#
#  EXCEPTION_ACCESS_VIOLATION (0xc0000005) at pc=0x000001edb356112d, pid=24816, tid=25228
#
# JRE version: OpenJDK Runtime Environment Temurin-11.0.21+9 (11.0.21+9) (build 11.0.21+9)
# Java VM: OpenJDK 64-Bit Server VM Temurin-11.0.21+9 (11.0.21+9, mixed mode, tiered, compressed oops, g1 gc, windows-amd64)
# Problematic frame:
# v  ~StubRoutines::get_previous_fp
#
# No core dump will be written. Minidumps are not enabled by default on client versions of Windows
#
# If you would like to submit a bug report, please visit:
#   https://github.com/adoptium/adoptium-support/issues
#

---------------  S U M M A R Y ------------

Command Line: -javaagent:C:\\Users\\Пользователь\\.m2\\repository\\org\\jacoco\\org.jacoco.agent\\0.8.5\\org.jacoco.agent-0.8.5-runtime.jar=destfile=C:\\Users\\Пользователь\\IdeaProjects\\CIandJCOCO\\target\\jacoco.exec C:\Users\73B5~1\AppData\Local\Temp\surefire2578825649477280925\surefirebooter12449895284839805357.jar C:\Users\Пользователь\AppData\Local\Temp\surefire2578825649477280925 2024-04-23T18-57-25_636-jvmRun1 surefire13821403481032208830tmp surefire_09264322072018570813tmp

Host: Intel(R) Core(TM) i7-8550U CPU @ 1.80GHz, 8 cores, 15G,  Windows 11 , 64 bit Build 22621 (10.0.22621.3430)
Time: Tue Apr 23 18:57:26 2024 RTZ 2 (s 11 , 64 bit Build 22621 (10.0.22621.3430) elapsed time: 0.197717 seconds (0d 0h 0m 0s)

---------------  T H R E A D  ---------------

Current thread (0x000001edaadd6800):  JavaThread "main" [_thread_in_vm, id=25228, stack(0x000000a72ed00000,0x000000a72ee00000)]

Stack: [0x000000a72ed00000,0x000000a72ee00000],  sp=0x000000a72edff140,  free space=1020k
Native frames: (J=compiled Java code, j=interpreted, Vv=VM code, C=native code)
C  0x000001edb356112d


siginfo: EXCEPTION_ACCESS_VIOLATION (0xc0000005), reading address 0x00000000000003d8


Register to memory mapping:

RIP=0x000001edb356112d is at begin+8 in a stub
StubRoutines::get_previous_fp [0x000001edb3561125, 0x000001edb3561132[ (13 bytes)
RAX=0x00000000000003d8 is an unknown value
RBX=0x000000a72edff1e0 is pointing into the stack for thread: 0x000001edaadd6800
RCX=0x000000a72edff1e0 is pointing into the stack for thread: 0x000001edaadd6800
RDX=0x0 is NULL
RSP=0x000000a72edff140 is pointing into the stack for thread: 0x000001edaadd6800
RBP=0x000000a72edff140 is pointing into the stack for thread: 0x000001edaadd6800
RSI=0x0 is NULL
RDI=0x000001edaadd6800 is a thread
R8 =0x000000a72edff0b8 is pointing into the stack for thread: 0x000001edaadd6800
R9 =0x0000000000000001 is an unknown value
R10=0x0 is NULL
R11=0x000000a72edff170 is pointing into the stack for thread: 0x000001edaadd6800
R12=0x000001edaadd7518 points into unknown readable memory: 0x10042fc3d115c31c | 1c c3 15 d1 c3 2f 04 10
R13=0x000001edaae620a8 points into unknown readable memory: 0x000001eda8bb3dd0 | d0 3d bb a8 ed 01 00 00
R14=0x000001edcf5ad550 points into unknown readable memory: 0x0000001f00000000 | 00 00 00 00 1f 00 00 00
R15=0x000001edaadd7140 points into unknown readable memory: 0x0072006f006d0020 | 20 00 6d 00 6f 00 72 00


Registers:
RAX=0x00000000000003d8, RBX=0x000000a72edff1e0, RCX=0x000000a72edff1e0, RDX=0x0000000000000000
RSP=0x000000a72edff140, RBP=0x000000a72edff140, RSI=0x0000000000000000, RDI=0x000001edaadd6800
R8 =0x000000a72edff0b8, R9 =0x0000000000000001, R10=0x0000000000000000, R11=0x000000a72edff170
R12=0x000001edaadd7518, R13=0x000001edaae620a8, R14=0x000001edcf5ad550, R15=0x000001edaadd7140
RIP=0x000001edb356112d, EFLAGS=0x0000000000010202

Top of Stack: (sp=0x000000a72edff140)
0x000000a72edff140:   00000000000003d8 00007ffb821e5b36
0x000000a72edff150:   00007ffc1143f550 00007ffc1143f550
0x000000a72edff160:   000000a72edff200 000000a72edff190
0x000000a72edff170:   000001edaadd7130 00007ffb81c6216c
0x000000a72edff180:   000000a72edff1f0 000001eda8c14f20
0x000000a72edff190:   00000000000007d0 0000000000007fd8
0x000000a72edff1a0:   000001edaadd6800 00007ffb823391e1
0x000000a72edff1b0:   000001eda8c14f20 000001edaadd7130
0x000000a72edff1c0:   000001edaadd7130 000001eda8bb7000
0x000000a72edff1d0:   000001eda8c8bbd8 00007ffc0af2148c
0x000000a72edff1e0:   0000000000000024 00007ffc0af282d0
0x000000a72edff1f0:   000000a72edff240 00007ffc1143f550
0x000000a72edff200:   00007ffc1143f550 0000000000000000
0x000000a72edff210:   00008f06ddc95f9d 00007ffc0af27ae0
0x000000a72edff220:   000001edaadd6800 00007ffb821e8250
0x000000a72edff230:   000001edaadd6b48 00007ffc0af282d0 

Instructions: (pc=0x000001edb356112d)
0x000001edb356102d:   84 83 00 00 00 83 fa 07 0f 84 80 00 00 00 89 01
0x000001edb356103d:   48 8d a5 28 fe ff ff c5 fa 6f 75 b8 c5 fa 6f 7d
0x000001edb356104d:   a8 c5 7a 6f 45 98 c5 7a 6f 4d 88 c5 7a 6f 95 78
0x000001edb356105d:   ff ff ff c5 7a 6f 9d 68 ff ff ff c5 7a 6f a5 58
0x000001edb356106d:   ff ff ff c5 7a 6f ad 48 ff ff ff c5 7a 6f b5 38
0x000001edb356107d:   ff ff ff c5 7a 6f bd 28 ff ff ff 4c 8b 7d c8 4c
0x000001edb356108d:   8b 75 d0 4c 8b 6d d8 4c 8b 65 e0 48 8b 5d f8 48
0x000001edb356109d:   8b 7d e8 48 8b 75 f0 48 81 c4 d8 01 00 00 c5 f8
0x000001edb35610ad:   77 5d c3 48 89 01 eb 88 c5 fa 11 01 eb 82 c5 fb
0x000001edb35610bd:   11 01 e9 79 ff ff ff 49 89 47 08 49 ba 80 50 4e
0x000001edb35610cd:   82 fb 7f 00 00 4d 89 57 10 41 c7 47 18 da 01 00
0x000001edb35610dd:   00 e9 2d ff ff ff 8b c1 87 02 c3 48 8b c1 48 87
0x000001edb35610ed:   02 c3 41 8b c0 f0 0f b1 0a c3 49 0f be c0 f0 0f
0x000001edb35610fd:   b0 0a c3 49 8b c0 f0 48 0f b1 0a c3 8b c1 f0 0f
0x000001edb356110d:   c1 0a 03 c1 c3 48 8b c1 f0 48 0f c1 0a 48 03 c1
0x000001edb356111d:   c3 f0 83 44 24 c0 00 c3 55 48 8b ec 48 8b 45 00
0x000001edb356112d:   48 8b 00 5d c3 48 8b c4 48 83 c0 08 c3 c3 0f 1f
0x000001edb356113d:   44 00 00 55 48 8b ec 49 b9 b0 00 64 82 fb 7f 00
0x000001edb356114d:   00 f7 d1 41 83 f8 10 0f 8c 38 02 00 00 44 8b da
0x000001edb356115d:   41 83 e3 0f 74 23 41 83 eb 10 45 03 c3 66 90 0f
0x000001edb356116d:   be 02 33 c1 81 e0 ff 00 00 00 c1 e9 08 41 33 0c
0x000001edb356117d:   81 48 ff c2 41 ff c3 7c e6 45 8b d8 41 c1 e8 04
0x000001edb356118d:   0f 84 fc 01 00 00 c5 f9 6f 0a c5 f9 7e c8 33 c8
0x000001edb356119d:   c4 e3 71 22 c9 00 48 83 c2 10 41 83 e8 04 0f 8c
0x000001edb35611ad:   d7 00 00 00 c5 f9 6f 12 c5 f9 6f 5a 10 c5 f9 6f
0x000001edb35611bd:   62 20 48 83 c2 30 41 83 e8 03 0f 8e 70 00 00 00
0x000001edb35611cd:   49 ba a0 00 64 82 fb 7f 00 00 c4 c1 7a 6f 02 0f
0x000001edb35611dd:   1f 40 00 c4 e3 79 44 e9 11 c4 e3 79 44 c9 00 c5
0x000001edb35611ed:   f1 ef 0a c5 f1 ef cd c4 e3 79 44 ea 11 c4 e3 79
0x000001edb35611fd:   44 d2 00 c5 e9 ef 52 10 c5 e9 ef d5 c4 e3 79 44
0x000001edb356120d:   eb 11 c4 e3 79 44 db 00 c5 e1 ef 5a 20 c5 e1 ef
0x000001edb356121d:   dd c4 e3 79 44 ec 11 c4 e3 79 44 e4 00 c5 d9 ef 


Stack slot to memory mapping:
stack at sp + 0 slots: 0x00000000000003d8 is an unknown value
stack at sp + 1 slots: 0x00007ffb821e5b36 jvm.dll
stack at sp + 2 slots: 0x00007ffc1143f550 ucrtbase.dll
stack at sp + 3 slots: 0x00007ffc1143f550 ucrtbase.dll
stack at sp + 4 slots: 0x000000a72edff200 is pointing into the stack for thread: 0x000001edaadd6800
stack at sp + 5 slots: 0x000000a72edff190 is pointing into the stack for thread: 0x000001edaadd6800
stack at sp + 6 slots: 0x000001edaadd7130 points into unknown readable memory: 0x000001edcf5ad540 | 40 d5 5a cf ed 01 00 00
stack at sp + 7 slots: 0x00007ffb81c6216c jvm.dll

StubRoutines::get_previous_fp [0x000001edb3561125, 0x000001edb3561132[ (13 bytes)
---------------  P R O C E S S  ---------------

Threads class SMR info:
_java_thread_list=0x000001edcf51bac0, length=11, elements={
0x000001edaadd6800, 0x000001edceb46800, 0x000001edcf3fa800, 0x000001edcf44c800,
0x000001edcf44d800, 0x000001edcf44e800, 0x000001edcf452000, 0x000001edcf45b800,
0x000001edcf460800, 0x000001edceafc000, 0x000001edcf5d8800
}

Java Threads: ( => current thread )
=>0x000001edaadd6800 JavaThread "main" [_thread_in_vm, id=25228, stack(0x000000a72ed00000,0x000000a72ee00000)]
  0x000001edceb46800 JavaThread "Reference Handler" daemon [_thread_blocked, id=12520, stack(0x000000a72f400000,0x000000a72f500000)]
  0x000001edcf3fa800 JavaThread "Finalizer" daemon [_thread_blocked, id=20792, stack(0x000000a72f500000,0x000000a72f600000)]
  0x000001edcf44c800 JavaThread "Signal Dispatcher" daemon [_thread_blocked, id=21828, stack(0x000000a72f600000,0x000000a72f700000)]
  0x000001edcf44d800 JavaThread "Attach Listener" daemon [_thread_blocked, id=25276, stack(0x000000a72f700000,0x000000a72f800000)]
  0x000001edcf44e800 JavaThread "Service Thread" daemon [_thread_blocked, id=2460, stack(0x000000a72f800000,0x000000a72f900000)]
  0x000001edcf452000 JavaThread "C2 CompilerThread0" daemon [_thread_blocked, id=13692, stack(0x000000a72f900000,0x000000a72fa00000)]
  0x000001edcf45b800 JavaThread "C1 CompilerThread0" daemon [_thread_blocked, id=16460, stack(0x000000a72fa00000,0x000000a72fb00000)]
  0x000001edcf460800 JavaThread "Sweeper thread" daemon [_thread_blocked, id=2632, stack(0x000000a72fb00000,0x000000a72fc00000)]
  0x000001edceafc000 JavaThread "Common-Cleaner" daemon [_thread_blocked, id=11636, stack(0x000000a72fc00000,0x000000a72fd00000)]
  0x000001edcf5d8800 JavaThread "C2 CompilerThread1" daemon [_thread_blocked, id=25536, stack(0x000000a72fd00000,0x000000a72fe00000)]

Other Threads:
  0x000001edceb3f000 VMThread "VM Thread" [stack: 0x000000a72f300000,0x000000a72f400000] [id=14824]
  0x000001edaaded000 GCTaskThread "GC Thread#0" [stack: 0x000000a72ee00000,0x000000a72ef00000] [id=19332]
  0x000001edaae4b800 ConcurrentGCThread "G1 Main Marker" [stack: 0x000000a72ef00000,0x000000a72f000000] [id=21396]
  0x000001edaae4f000 ConcurrentGCThread "G1 Conc#0" [stack: 0x000000a72f000000,0x000000a72f100000] [id=24684]
  0x000001edcea29000 ConcurrentGCThread "G1 Refine#0" [stack: 0x000000a72f100000,0x000000a72f200000] [id=21628]
  0x000001edcea2a000 ConcurrentGCThread "G1 Young RemSet Sampling" [stack: 0x000000a72f200000,0x000000a72f300000] [id=24032]

Threads with active compile tasks:

VM state:not at safepoint (normal execution)

VM Mutex/Monitor currently owned by a thread: None

Heap address: 0x0000000701c00000, size: 4068 MB, Compressed Oops mode: Zero based, Oop shift amount: 3
Narrow klass base: 0x0000000800000000, Narrow klass shift: 0
Compressed class space size: 1073741824 Address: 0x0000000800000000

Heap:
 garbage-first heap   total 262144K, used 2048K [0x0000000701c00000, 0x0000000800000000)
  region size 1024K, 3 young (3072K), 0 survivors (0K)
 Metaspace       used 6704K, capacity 6850K, committed 7168K, reserved 1056768K
  class space    used 582K, capacity 643K, committed 768K, reserved 1048576K
Heap Regions: E=young(eden), S=young(survivor), O=old, HS=humongous(starts), HC=humongous(continues), CS=collection set, F=free, A=archive, TAMS=top-at-mark-start (previous, next)
|   0|0x0000000701c00000, 0x0000000701c00000, 0x0000000701d00000|  0%| F|  |TAMS 0x0000000701c00000, 0x0000000701c00000| Untracked 
|   1|0x0000000701d00000, 0x0000000701d00000, 0x0000000701e00000|  0%| F|  |TAMS 0x0000000701d00000, 0x0000000701d00000| Untracked 
|   2|0x0000000701e00000, 0x0000000701e00000, 0x0000000701f00000|  0%| F|  |TAMS 0x0000000701e00000, 0x0000000701e00000| Untracked 
|   3|0x0000000701f00000, 0x0000000701f00000, 0x0000000702000000|  0%| F|  |TAMS 0x0000000701f00000, 0x0000000701f00000| Untracked 
|   4|0x0000000702000000, 0x0000000702000000, 0x0000000702100000|  0%| F|  |TAMS 0x0000000702000000, 0x0000000702000000| Untracked 
|   5|0x0000000702100000, 0x0000000702100000, 0x0000000702200000|  0%| F|  |TAMS 0x0000000702100000, 0x0000000702100000| Untracked 
|   6|0x0000000702200000, 0x0000000702200000, 0x0000000702300000|  0%| F|  |TAMS 0x0000000702200000, 0x0000000702200000| Untracked 
|   7|0x0000000702300000, 0x0000000702300000, 0x0000000702400000|  0%| F|  |TAMS 0x0000000702300000, 0x0000000702300000| Untracked 
|   8|0x0000000702400000, 0x0000000702400000, 0x0000000702500000|  0%| F|  |TAMS 0x0000000702400000, 0x0000000702400000| Untracked 
|   9|0x0000000702500000, 0x0000000702500000, 0x0000000702600000|  0%| F|  |TAMS 0x0000000702500000, 0x0000000702500000| Untracked 
|  10|0x0000000702600000, 0x0000000702600000, 0x0000000702700000|  0%| F|  |TAMS 0x0000000702600000, 0x0000000702600000| Untracked 
|  11|0x0000000702700000, 0x0000000702700000, 0x0000000702800000|  0%| F|  |TAMS 0x0000000702700000, 0x0000000702700000| Untracked 
|  12|0x0000000702800000, 0x0000000702800000, 0x0000000702900000|  0%| F|  |TAMS 0x0000000702800000, 0x0000000702800000| Untracked 
|  13|0x0000000702900000, 0x0000000702900000, 0x0000000702a00000|  0%| F|  |TAMS 0x0000000702900000, 0x0000000702900000| Untracked 
|  14|0x0000000702a00000, 0x0000000702a00000, 0x0000000702b00000|  0%| F|  |TAMS 0x0000000702a00000, 0x0000000702a00000| Untracked 
|  15|0x0000000702b00000, 0x0000000702b00000, 0x0000000702c00000|  0%| F|  |TAMS 0x0000000702b00000, 0x0000000702b00000| Untracked 
|  16|0x0000000702c00000, 0x0000000702c00000, 0x0000000702d00000|  0%| F|  |TAMS 0x0000000702c00000, 0x0000000702c00000| Untracked 
|  17|0x0000000702d00000, 0x0000000702d00000, 0x0000000702e00000|  0%| F|  |TAMS 0x0000000702d00000, 0x0000000702d00000| Untracked 
|  18|0x0000000702e00000, 0x0000000702e00000, 0x0000000702f00000|  0%| F|  |TAMS 0x0000000702e00000, 0x0000000702e00000| Untracked 
|  19|0x0000000702f00000, 0x0000000702f00000, 0x0000000703000000|  0%| F|  |TAMS 0x0000000702f00000, 0x0000000702f00000| Untracked 
|  20|0x0000000703000000, 0x0000000703000000, 0x0000000703100000|  0%| F|  |TAMS 0x0000000703000000, 0x0000000703000000| Untracked 
|  21|0x0000000703100000, 0x0000000703100000, 0x0000000703200000|  0%| F|  |TAMS 0x0000000703100000, 0x0000000703100000| Untracked 
|  22|0x0000000703200000, 0x0000000703200000, 0x0000000703300000|  0%| F|  |TAMS 0x0000000703200000, 0x0000000703200000| Untracked 
|  23|0x0000000703300000, 0x0000000703300000, 0x0000000703400000|  0%| F|  |TAMS 0x0000000703300000, 0x0000000703300000| Untracked 
|  24|0x0000000703400000, 0x0000000703400000, 0x0000000703500000|  0%| F|  |TAMS 0x0000000703400000, 0x0000000703400000| Untracked 
|  25|0x0000000703500000, 0x0000000703500000, 0x0000000703600000|  0%| F|  |TAMS 0x0000000703500000, 0x0000000703500000| Untracked 
|  26|0x0000000703600000, 0x0000000703600000, 0x0000000703700000|  0%| F|  |TAMS 0x0000000703600000, 0x0000000703600000| Untracked 
|  27|0x0000000703700000, 0x0000000703700000, 0x0000000703800000|  0%| F|  |TAMS 0x0000000703700000, 0x0000000703700000| Untracked 
|  28|0x0000000703800000, 0x0000000703800000, 0x0000000703900000|  0%| F|  |TAMS 0x0000000703800000, 0x0000000703800000| Untracked 
|  29|0x0000000703900000, 0x0000000703900000, 0x0000000703a00000|  0%| F|  |TAMS 0x0000000703900000, 0x0000000703900000| Untracked 
|  30|0x0000000703a00000, 0x0000000703a00000, 0x0000000703b00000|  0%| F|  |TAMS 0x0000000703a00000, 0x0000000703a00000| Untracked 
|  31|0x0000000703b00000, 0x0000000703b00000, 0x0000000703c00000|  0%| F|  |TAMS 0x0000000703b00000, 0x0000000703b00000| Untracked 
|  32|0x0000000703c00000, 0x0000000703c00000, 0x0000000703d00000|  0%| F|  |TAMS 0x0000000703c00000, 0x0000000703c00000| Untracked 
|  33|0x0000000703d00000, 0x0000000703d00000, 0x0000000703e00000|  0%| F|  |TAMS 0x0000000703d00000, 0x0000000703d00000| Untracked 
|  34|0x0000000703e00000, 0x0000000703e00000, 0x0000000703f00000|  0%| F|  |TAMS 0x0000000703e00000, 0x0000000703e00000| Untracked 
|  35|0x0000000703f00000, 0x0000000703f00000, 0x0000000704000000|  0%| F|  |TAMS 0x0000000703f00000, 0x0000000703f00000| Untracked 
|  36|0x0000000704000000, 0x0000000704000000, 0x0000000704100000|  0%| F|  |TAMS 0x0000000704000000, 0x0000000704000000| Untracked 
|  37|0x0000000704100000, 0x0000000704100000, 0x0000000704200000|  0%| F|  |TAMS 0x0000000704100000, 0x0000000704100000| Untracked 
|  38|0x0000000704200000, 0x0000000704200000, 0x0000000704300000|  0%| F|  |TAMS 0x0000000704200000, 0x0000000704200000| Untracked 
|  39|0x0000000704300000, 0x0000000704300000, 0x0000000704400000|  0%| F|  |TAMS 0x0000000704300000, 0x0000000704300000| Untracked 
|  40|0x0000000704400000, 0x0000000704400000, 0x0000000704500000|  0%| F|  |TAMS 0x0000000704400000, 0x0000000704400000| Untracked 
|  41|0x0000000704500000, 0x0000000704500000, 0x0000000704600000|  0%| F|  |TAMS 0x0000000704500000, 0x0000000704500000| Untracked 
|  42|0x0000000704600000, 0x0000000704600000, 0x0000000704700000|  0%| F|  |TAMS 0x0000000704600000, 0x0000000704600000| Untracked 
|  43|0x0000000704700000, 0x0000000704700000, 0x0000000704800000|  0%| F|  |TAMS 0x0000000704700000, 0x0000000704700000| Untracked 
|  44|0x0000000704800000, 0x0000000704800000, 0x0000000704900000|  0%| F|  |TAMS 0x0000000704800000, 0x0000000704800000| Untracked 
|  45|0x0000000704900000, 0x0000000704900000, 0x0000000704a00000|  0%| F|  |TAMS 0x0000000704900000, 0x0000000704900000| Untracked 
|  46|0x0000000704a00000, 0x0000000704a00000, 0x0000000704b00000|  0%| F|  |TAMS 0x0000000704a00000, 0x0000000704a00000| Untracked 
|  47|0x0000000704b00000, 0x0000000704b00000, 0x0000000704c00000|  0%| F|  |TAMS 0x0000000704b00000, 0x0000000704b00000| Untracked 
|  48|0x0000000704c00000, 0x0000000704c00000, 0x0000000704d00000|  0%| F|  |TAMS 0x0000000704c00000, 0x0000000704c00000| Untracked 
|  49|0x0000000704d00000, 0x0000000704d00000, 0x0000000704e00000|  0%| F|  |TAMS 0x0000000704d00000, 0x0000000704d00000| Untracked 
|  50|0x0000000704e00000, 0x0000000704e00000, 0x0000000704f00000|  0%| F|  |TAMS 0x0000000704e00000, 0x0000000704e00000| Untracked 
|  51|0x0000000704f00000, 0x0000000704f00000, 0x0000000705000000|  0%| F|  |TAMS 0x0000000704f00000, 0x0000000704f00000| Untracked 
|  52|0x0000000705000000, 0x0000000705000000, 0x0000000705100000|  0%| F|  |TAMS 0x0000000705000000, 0x0000000705000000| Untracked 
|  53|0x0000000705100000, 0x0000000705100000, 0x0000000705200000|  0%| F|  |TAMS 0x0000000705100000, 0x0000000705100000| Untracked 
|  54|0x0000000705200000, 0x0000000705200000, 0x0000000705300000|  0%| F|  |TAMS 0x0000000705200000, 0x0000000705200000| Untracked 
|  55|0x0000000705300000, 0x0000000705300000, 0x0000000705400000|  0%| F|  |TAMS 0x0000000705300000, 0x0000000705300000| Untracked 
|  56|0x0000000705400000, 0x0000000705400000, 0x0000000705500000|  0%| F|  |TAMS 0x0000000705400000, 0x0000000705400000| Untracked 
|  57|0x0000000705500000, 0x0000000705500000, 0x0000000705600000|  0%| F|  |TAMS 0x0000000705500000, 0x0000000705500000| Untracked 
|  58|0x0000000705600000, 0x0000000705600000, 0x0000000705700000|  0%| F|  |TAMS 0x0000000705600000, 0x0000000705600000| Untracked 
|  59|0x0000000705700000, 0x0000000705700000, 0x0000000705800000|  0%| F|  |TAMS 0x0000000705700000, 0x0000000705700000| Untracked 
|  60|0x0000000705800000, 0x0000000705800000, 0x0000000705900000|  0%| F|  |TAMS 0x0000000705800000, 0x0000000705800000| Untracked 
|  61|0x0000000705900000, 0x0000000705900000, 0x0000000705a00000|  0%| F|  |TAMS 0x0000000705900000, 0x0000000705900000| Untracked 
|  62|0x0000000705a00000, 0x0000000705a00000, 0x0000000705b00000|  0%| F|  |TAMS 0x0000000705a00000, 0x0000000705a00000| Untracked 
|  63|0x0000000705b00000, 0x0000000705b00000, 0x0000000705c00000|  0%| F|  |TAMS 0x0000000705b00000, 0x0000000705b00000| Untracked 
|  64|0x0000000705c00000, 0x0000000705c00000, 0x0000000705d00000|  0%| F|  |TAMS 0x0000000705c00000, 0x0000000705c00000| Untracked 
|  65|0x0000000705d00000, 0x0000000705d00000, 0x0000000705e00000|  0%| F|  |TAMS 0x0000000705d00000, 0x0000000705d00000| Untracked 
|  66|0x0000000705e00000, 0x0000000705e00000, 0x0000000705f00000|  0%| F|  |TAMS 0x0000000705e00000, 0x0000000705e00000| Untracked 
|  67|0x0000000705f00000, 0x0000000705f00000, 0x0000000706000000|  0%| F|  |TAMS 0x0000000705f00000, 0x0000000705f00000| Untracked 
|  68|0x0000000706000000, 0x0000000706000000, 0x0000000706100000|  0%| F|  |TAMS 0x0000000706000000, 0x0000000706000000| Untracked 
|  69|0x0000000706100000, 0x0000000706100000, 0x0000000706200000|  0%| F|  |TAMS 0x0000000706100000, 0x0000000706100000| Untracked 
|  70|0x0000000706200000, 0x0000000706200000, 0x0000000706300000|  0%| F|  |TAMS 0x0000000706200000, 0x0000000706200000| Untracked 
|  71|0x0000000706300000, 0x0000000706300000, 0x0000000706400000|  0%| F|  |TAMS 0x0000000706300000, 0x0000000706300000| Untracked 
|  72|0x0000000706400000, 0x0000000706400000, 0x0000000706500000|  0%| F|  |TAMS 0x0000000706400000, 0x0000000706400000| Untracked 
|  73|0x0000000706500000, 0x0000000706500000, 0x0000000706600000|  0%| F|  |TAMS 0x0000000706500000, 0x0000000706500000| Untracked 
|  74|0x0000000706600000, 0x0000000706600000, 0x0000000706700000|  0%| F|  |TAMS 0x0000000706600000, 0x0000000706600000| Untracked 
|  75|0x0000000706700000, 0x0000000706700000, 0x0000000706800000|  0%| F|  |TAMS 0x0000000706700000, 0x0000000706700000| Untracked 
|  76|0x0000000706800000, 0x0000000706800000, 0x0000000706900000|  0%| F|  |TAMS 0x0000000706800000, 0x0000000706800000| Untracked 
|  77|0x0000000706900000, 0x0000000706900000, 0x0000000706a00000|  0%| F|  |TAMS 0x0000000706900000, 0x0000000706900000| Untracked 
|  78|0x0000000706a00000, 0x0000000706a00000, 0x0000000706b00000|  0%| F|  |TAMS 0x0000000706a00000, 0x0000000706a00000| Untracked 
|  79|0x0000000706b00000, 0x0000000706b00000, 0x0000000706c00000|  0%| F|  |TAMS 0x0000000706b00000, 0x0000000706b00000| Untracked 
|  80|0x0000000706c00000, 0x0000000706c00000, 0x0000000706d00000|  0%| F|  |TAMS 0x0000000706c00000, 0x0000000706c00000| Untracked 
|  81|0x0000000706d00000, 0x0000000706d00000, 0x0000000706e00000|  0%| F|  |TAMS 0x0000000706d00000, 0x0000000706d00000| Untracked 
|  82|0x0000000706e00000, 0x0000000706e00000, 0x0000000706f00000|  0%| F|  |TAMS 0x0000000706e00000, 0x0000000706e00000| Untracked 
|  83|0x0000000706f00000, 0x0000000706f00000, 0x0000000707000000|  0%| F|  |TAMS 0x0000000706f00000, 0x0000000706f00000| Untracked 
|  84|0x0000000707000000, 0x0000000707000000, 0x0000000707100000|  0%| F|  |TAMS 0x0000000707000000, 0x0000000707000000| Untracked 
|  85|0x0000000707100000, 0x0000000707100000, 0x0000000707200000|  0%| F|  |TAMS 0x0000000707100000, 0x0000000707100000| Untracked 
|  86|0x0000000707200000, 0x0000000707200000, 0x0000000707300000|  0%| F|  |TAMS 0x0000000707200000, 0x0000000707200000| Untracked 
|  87|0x0000000707300000, 0x0000000707300000, 0x0000000707400000|  0%| F|  |TAMS 0x0000000707300000, 0x0000000707300000| Untracked 
|  88|0x0000000707400000, 0x0000000707400000, 0x0000000707500000|  0%| F|  |TAMS 0x0000000707400000, 0x0000000707400000| Untracked 
|  89|0x0000000707500000, 0x0000000707500000, 0x0000000707600000|  0%| F|  |TAMS 0x0000000707500000, 0x0000000707500000| Untracked 
|  90|0x0000000707600000, 0x0000000707600000, 0x0000000707700000|  0%| F|  |TAMS 0x0000000707600000, 0x0000000707600000| Untracked 
|  91|0x0000000707700000, 0x0000000707700000, 0x0000000707800000|  0%| F|  |TAMS 0x0000000707700000, 0x0000000707700000| Untracked 
|  92|0x0000000707800000, 0x0000000707800000, 0x0000000707900000|  0%| F|  |TAMS 0x0000000707800000, 0x0000000707800000| Untracked 
|  93|0x0000000707900000, 0x0000000707900000, 0x0000000707a00000|  0%| F|  |TAMS 0x0000000707900000, 0x0000000707900000| Untracked 
|  94|0x0000000707a00000, 0x0000000707a00000, 0x0000000707b00000|  0%| F|  |TAMS 0x0000000707a00000, 0x0000000707a00000| Untracked 
|  95|0x0000000707b00000, 0x0000000707b00000, 0x0000000707c00000|  0%| F|  |TAMS 0x0000000707b00000, 0x0000000707b00000| Untracked 
|  96|0x0000000707c00000, 0x0000000707c00000, 0x0000000707d00000|  0%| F|  |TAMS 0x0000000707c00000, 0x0000000707c00000| Untracked 
|  97|0x0000000707d00000, 0x0000000707d00000, 0x0000000707e00000|  0%| F|  |TAMS 0x0000000707d00000, 0x0000000707d00000| Untracked 
|  98|0x0000000707e00000, 0x0000000707e00000, 0x0000000707f00000|  0%| F|  |TAMS 0x0000000707e00000, 0x0000000707e00000| Untracked 
|  99|0x0000000707f00000, 0x0000000707f00000, 0x0000000708000000|  0%| F|  |TAMS 0x0000000707f00000, 0x0000000707f00000| Untracked 
| 100|0x0000000708000000, 0x0000000708000000, 0x0000000708100000|  0%| F|  |TAMS 0x0000000708000000, 0x0000000708000000| Untracked 
| 101|0x0000000708100000, 0x0000000708100000, 0x0000000708200000|  0%| F|  |TAMS 0x0000000708100000, 0x0000000708100000| Untracked 
| 102|0x0000000708200000, 0x0000000708200000, 0x0000000708300000|  0%| F|  |TAMS 0x0000000708200000, 0x0000000708200000| Untracked 
| 103|0x0000000708300000, 0x0000000708300000, 0x0000000708400000|  0%| F|  |TAMS 0x0000000708300000, 0x0000000708300000| Untracked 
| 104|0x0000000708400000, 0x0000000708400000, 0x0000000708500000|  0%| F|  |TAMS 0x0000000708400000, 0x0000000708400000| Untracked 
| 105|0x0000000708500000, 0x0000000708500000, 0x0000000708600000|  0%| F|  |TAMS 0x0000000708500000, 0x0000000708500000| Untracked 
| 106|0x0000000708600000, 0x0000000708600000, 0x0000000708700000|  0%| F|  |TAMS 0x0000000708600000, 0x0000000708600000| Untracked 
| 107|0x0000000708700000, 0x0000000708700000, 0x0000000708800000|  0%| F|  |TAMS 0x0000000708700000, 0x0000000708700000| Untracked 
| 108|0x0000000708800000, 0x0000000708800000, 0x0000000708900000|  0%| F|  |TAMS 0x0000000708800000, 0x0000000708800000| Untracked 
| 109|0x0000000708900000, 0x0000000708900000, 0x0000000708a00000|  0%| F|  |TAMS 0x0000000708900000, 0x0000000708900000| Untracked 
| 110|0x0000000708a00000, 0x0000000708a00000, 0x0000000708b00000|  0%| F|  |TAMS 0x0000000708a00000, 0x0000000708a00000| Untracked 
| 111|0x0000000708b00000, 0x0000000708b00000, 0x0000000708c00000|  0%| F|  |TAMS 0x0000000708b00000, 0x0000000708b00000| Untracked 
| 112|0x0000000708c00000, 0x0000000708c00000, 0x0000000708d00000|  0%| F|  |TAMS 0x0000000708c00000, 0x0000000708c00000| Untracked 
| 113|0x0000000708d00000, 0x0000000708d00000, 0x0000000708e00000|  0%| F|  |TAMS 0x0000000708d00000, 0x0000000708d00000| Untracked 
| 114|0x0000000708e00000, 0x0000000708e00000, 0x0000000708f00000|  0%| F|  |TAMS 0x0000000708e00000, 0x0000000708e00000| Untracked 
| 115|0x0000000708f00000, 0x0000000708f00000, 0x0000000709000000|  0%| F|  |TAMS 0x0000000708f00000, 0x0000000708f00000| Untracked 
| 116|0x0000000709000000, 0x0000000709000000, 0x0000000709100000|  0%| F|  |TAMS 0x0000000709000000, 0x0000000709000000| Untracked 
| 117|0x0000000709100000, 0x0000000709100000, 0x0000000709200000|  0%| F|  |TAMS 0x0000000709100000, 0x0000000709100000| Untracked 
| 118|0x0000000709200000, 0x0000000709200000, 0x0000000709300000|  0%| F|  |TAMS 0x0000000709200000, 0x0000000709200000| Untracked 
| 119|0x0000000709300000, 0x0000000709300000, 0x0000000709400000|  0%| F|  |TAMS 0x0000000709300000, 0x0000000709300000| Untracked 
| 120|0x0000000709400000, 0x0000000709400000, 0x0000000709500000|  0%| F|  |TAMS 0x0000000709400000, 0x0000000709400000| Untracked 
| 121|0x0000000709500000, 0x0000000709500000, 0x0000000709600000|  0%| F|  |TAMS 0x0000000709500000, 0x0000000709500000| Untracked 
| 122|0x0000000709600000, 0x0000000709600000, 0x0000000709700000|  0%| F|  |TAMS 0x0000000709600000, 0x0000000709600000| Untracked 
| 123|0x0000000709700000, 0x0000000709700000, 0x0000000709800000|  0%| F|  |TAMS 0x0000000709700000, 0x0000000709700000| Untracked 
| 124|0x0000000709800000, 0x0000000709800000, 0x0000000709900000|  0%| F|  |TAMS 0x0000000709800000, 0x0000000709800000| Untracked 
| 125|0x0000000709900000, 0x0000000709900000, 0x0000000709a00000|  0%| F|  |TAMS 0x0000000709900000, 0x0000000709900000| Untracked 
| 126|0x0000000709a00000, 0x0000000709a00000, 0x0000000709b00000|  0%| F|  |TAMS 0x0000000709a00000, 0x0000000709a00000| Untracked 
| 127|0x0000000709b00000, 0x0000000709b00000, 0x0000000709c00000|  0%| F|  |TAMS 0x0000000709b00000, 0x0000000709b00000| Untracked 
| 128|0x0000000709c00000, 0x0000000709c00000, 0x0000000709d00000|  0%| F|  |TAMS 0x0000000709c00000, 0x0000000709c00000| Untracked 
| 129|0x0000000709d00000, 0x0000000709d00000, 0x0000000709e00000|  0%| F|  |TAMS 0x0000000709d00000, 0x0000000709d00000| Untracked 
| 130|0x0000000709e00000, 0x0000000709e00000, 0x0000000709f00000|  0%| F|  |TAMS 0x0000000709e00000, 0x0000000709e00000| Untracked 
| 131|0x0000000709f00000, 0x0000000709f00000, 0x000000070a000000|  0%| F|  |TAMS 0x0000000709f00000, 0x0000000709f00000| Untracked 
| 132|0x000000070a000000, 0x000000070a000000, 0x000000070a100000|  0%| F|  |TAMS 0x000000070a000000, 0x000000070a000000| Untracked 
| 133|0x000000070a100000, 0x000000070a100000, 0x000000070a200000|  0%| F|  |TAMS 0x000000070a100000, 0x000000070a100000| Untracked 
| 134|0x000000070a200000, 0x000000070a200000, 0x000000070a300000|  0%| F|  |TAMS 0x000000070a200000, 0x000000070a200000| Untracked 
| 135|0x000000070a300000, 0x000000070a300000, 0x000000070a400000|  0%| F|  |TAMS 0x000000070a300000, 0x000000070a300000| Untracked 
| 136|0x000000070a400000, 0x000000070a400000, 0x000000070a500000|  0%| F|  |TAMS 0x000000070a400000, 0x000000070a400000| Untracked 
| 137|0x000000070a500000, 0x000000070a500000, 0x000000070a600000|  0%| F|  |TAMS 0x000000070a500000, 0x000000070a500000| Untracked 
| 138|0x000000070a600000, 0x000000070a600000, 0x000000070a700000|  0%| F|  |TAMS 0x000000070a600000, 0x000000070a600000| Untracked 
| 139|0x000000070a700000, 0x000000070a700000, 0x000000070a800000|  0%| F|  |TAMS 0x000000070a700000, 0x000000070a700000| Untracked 
| 140|0x000000070a800000, 0x000000070a800000, 0x000000070a900000|  0%| F|  |TAMS 0x000000070a800000, 0x000000070a800000| Untracked 
| 141|0x000000070a900000, 0x000000070a900000, 0x000000070aa00000|  0%| F|  |TAMS 0x000000070a900000, 0x000000070a900000| Untracked 
| 142|0x000000070aa00000, 0x000000070aa00000, 0x000000070ab00000|  0%| F|  |TAMS 0x000000070aa00000, 0x000000070aa00000| Untracked 
| 143|0x000000070ab00000, 0x000000070ab00000, 0x000000070ac00000|  0%| F|  |TAMS 0x000000070ab00000, 0x000000070ab00000| Untracked 
| 144|0x000000070ac00000, 0x000000070ac00000, 0x000000070ad00000|  0%| F|  |TAMS 0x000000070ac00000, 0x000000070ac00000| Untracked 
| 145|0x000000070ad00000, 0x000000070ad00000, 0x000000070ae00000|  0%| F|  |TAMS 0x000000070ad00000, 0x000000070ad00000| Untracked 
| 146|0x000000070ae00000, 0x000000070ae00000, 0x000000070af00000|  0%| F|  |TAMS 0x000000070ae00000, 0x000000070ae00000| Untracked 
| 147|0x000000070af00000, 0x000000070af00000, 0x000000070b000000|  0%| F|  |TAMS 0x000000070af00000, 0x000000070af00000| Untracked 
| 148|0x000000070b000000, 0x000000070b000000, 0x000000070b100000|  0%| F|  |TAMS 0x000000070b000000, 0x000000070b000000| Untracked 
| 149|0x000000070b100000, 0x000000070b100000, 0x000000070b200000|  0%| F|  |TAMS 0x000000070b100000, 0x000000070b100000| Untracked 
| 150|0x000000070b200000, 0x000000070b200000, 0x000000070b300000|  0%| F|  |TAMS 0x000000070b200000, 0x000000070b200000| Untracked 
| 151|0x000000070b300000, 0x000000070b300000, 0x000000070b400000|  0%| F|  |TAMS 0x000000070b300000, 0x000000070b300000| Untracked 
| 152|0x000000070b400000, 0x000000070b400000, 0x000000070b500000|  0%| F|  |TAMS 0x000000070b400000, 0x000000070b400000| Untracked 
| 153|0x000000070b500000, 0x000000070b500000, 0x000000070b600000|  0%| F|  |TAMS 0x000000070b500000, 0x000000070b500000| Untracked 
| 154|0x000000070b600000, 0x000000070b600000, 0x000000070b700000|  0%| F|  |TAMS 0x000000070b600000, 0x000000070b600000| Untracked 
| 155|0x000000070b700000, 0x000000070b700000, 0x000000070b800000|  0%| F|  |TAMS 0x000000070b700000, 0x000000070b700000| Untracked 
| 156|0x000000070b800000, 0x000000070b800000, 0x000000070b900000|  0%| F|  |TAMS 0x000000070b800000, 0x000000070b800000| Untracked 
| 157|0x000000070b900000, 0x000000070b900000, 0x000000070ba00000|  0%| F|  |TAMS 0x000000070b900000, 0x000000070b900000| Untracked 
| 158|0x000000070ba00000, 0x000000070ba00000, 0x000000070bb00000|  0%| F|  |TAMS 0x000000070ba00000, 0x000000070ba00000| Untracked 
| 159|0x000000070bb00000, 0x000000070bb00000, 0x000000070bc00000|  0%| F|  |TAMS 0x000000070bb00000, 0x000000070bb00000| Untracked 
| 160|0x000000070bc00000, 0x000000070bc00000, 0x000000070bd00000|  0%| F|  |TAMS 0x000000070bc00000, 0x000000070bc00000| Untracked 
| 161|0x000000070bd00000, 0x000000070bd00000, 0x000000070be00000|  0%| F|  |TAMS 0x000000070bd00000, 0x000000070bd00000| Untracked 
| 162|0x000000070be00000, 0x000000070be00000, 0x000000070bf00000|  0%| F|  |TAMS 0x000000070be00000, 0x000000070be00000| Untracked 
| 163|0x000000070bf00000, 0x000000070bf00000, 0x000000070c000000|  0%| F|  |TAMS 0x000000070bf00000, 0x000000070bf00000| Untracked 
| 164|0x000000070c000000, 0x000000070c000000, 0x000000070c100000|  0%| F|  |TAMS 0x000000070c000000, 0x000000070c000000| Untracked 
| 165|0x000000070c100000, 0x000000070c100000, 0x000000070c200000|  0%| F|  |TAMS 0x000000070c100000, 0x000000070c100000| Untracked 
| 166|0x000000070c200000, 0x000000070c200000, 0x000000070c300000|  0%| F|  |TAMS 0x000000070c200000, 0x000000070c200000| Untracked 
| 167|0x000000070c300000, 0x000000070c300000, 0x000000070c400000|  0%| F|  |TAMS 0x000000070c300000, 0x000000070c300000| Untracked 
| 168|0x000000070c400000, 0x000000070c400000, 0x000000070c500000|  0%| F|  |TAMS 0x000000070c400000, 0x000000070c400000| Untracked 
| 169|0x000000070c500000, 0x000000070c500000, 0x000000070c600000|  0%| F|  |TAMS 0x000000070c500000, 0x000000070c500000| Untracked 
| 170|0x000000070c600000, 0x000000070c600000, 0x000000070c700000|  0%| F|  |TAMS 0x000000070c600000, 0x000000070c600000| Untracked 
| 171|0x000000070c700000, 0x000000070c700000, 0x000000070c800000|  0%| F|  |TAMS 0x000000070c700000, 0x000000070c700000| Untracked 
| 172|0x000000070c800000, 0x000000070c800000, 0x000000070c900000|  0%| F|  |TAMS 0x000000070c800000, 0x000000070c800000| Untracked 
| 173|0x000000070c900000, 0x000000070c900000, 0x000000070ca00000|  0%| F|  |TAMS 0x000000070c900000, 0x000000070c900000| Untracked 
| 174|0x000000070ca00000, 0x000000070ca00000, 0x000000070cb00000|  0%| F|  |TAMS 0x000000070ca00000, 0x000000070ca00000| Untracked 
| 175|0x000000070cb00000, 0x000000070cb00000, 0x000000070cc00000|  0%| F|  |TAMS 0x000000070cb00000, 0x000000070cb00000| Untracked 
| 176|0x000000070cc00000, 0x000000070cc00000, 0x000000070cd00000|  0%| F|  |TAMS 0x000000070cc00000, 0x000000070cc00000| Untracked 
| 177|0x000000070cd00000, 0x000000070cd00000, 0x000000070ce00000|  0%| F|  |TAMS 0x000000070cd00000, 0x000000070cd00000| Untracked 
| 178|0x000000070ce00000, 0x000000070ce00000, 0x000000070cf00000|  0%| F|  |TAMS 0x000000070ce00000, 0x000000070ce00000| Untracked 
| 179|0x000000070cf00000, 0x000000070cf00000, 0x000000070d000000|  0%| F|  |TAMS 0x000000070cf00000, 0x000000070cf00000| Untracked 
| 180|0x000000070d000000, 0x000000070d000000, 0x000000070d100000|  0%| F|  |TAMS 0x000000070d000000, 0x000000070d000000| Untracked 
| 181|0x000000070d100000, 0x000000070d100000, 0x000000070d200000|  0%| F|  |TAMS 0x000000070d100000, 0x000000070d100000| Untracked 
| 182|0x000000070d200000, 0x000000070d200000, 0x000000070d300000|  0%| F|  |TAMS 0x000000070d200000, 0x000000070d200000| Untracked 
| 183|0x000000070d300000, 0x000000070d300000, 0x000000070d400000|  0%| F|  |TAMS 0x000000070d300000, 0x000000070d300000| Untracked 
| 184|0x000000070d400000, 0x000000070d400000, 0x000000070d500000|  0%| F|  |TAMS 0x000000070d400000, 0x000000070d400000| Untracked 
| 185|0x000000070d500000, 0x000000070d500000, 0x000000070d600000|  0%| F|  |TAMS 0x000000070d500000, 0x000000070d500000| Untracked 
| 186|0x000000070d600000, 0x000000070d600000, 0x000000070d700000|  0%| F|  |TAMS 0x000000070d600000, 0x000000070d600000| Untracked 
| 187|0x000000070d700000, 0x000000070d700000, 0x000000070d800000|  0%| F|  |TAMS 0x000000070d700000, 0x000000070d700000| Untracked 
| 188|0x000000070d800000, 0x000000070d800000, 0x000000070d900000|  0%| F|  |TAMS 0x000000070d800000, 0x000000070d800000| Untracked 
| 189|0x000000070d900000, 0x000000070d900000, 0x000000070da00000|  0%| F|  |TAMS 0x000000070d900000, 0x000000070d900000| Untracked 
| 190|0x000000070da00000, 0x000000070da00000, 0x000000070db00000|  0%| F|  |TAMS 0x000000070da00000, 0x000000070da00000| Untracked 
| 191|0x000000070db00000, 0x000000070db00000, 0x000000070dc00000|  0%| F|  |TAMS 0x000000070db00000, 0x000000070db00000| Untracked 
| 192|0x000000070dc00000, 0x000000070dc00000, 0x000000070dd00000|  0%| F|  |TAMS 0x000000070dc00000, 0x000000070dc00000| Untracked 
| 193|0x000000070dd00000, 0x000000070dd00000, 0x000000070de00000|  0%| F|  |TAMS 0x000000070dd00000, 0x000000070dd00000| Untracked 
| 194|0x000000070de00000, 0x000000070de00000, 0x000000070df00000|  0%| F|  |TAMS 0x000000070de00000, 0x000000070de00000| Untracked 
| 195|0x000000070df00000, 0x000000070df00000, 0x000000070e000000|  0%| F|  |TAMS 0x000000070df00000, 0x000000070df00000| Untracked 
| 196|0x000000070e000000, 0x000000070e000000, 0x000000070e100000|  0%| F|  |TAMS 0x000000070e000000, 0x000000070e000000| Untracked 
| 197|0x000000070e100000, 0x000000070e100000, 0x000000070e200000|  0%| F|  |TAMS 0x000000070e100000, 0x000000070e100000| Untracked 
| 198|0x000000070e200000, 0x000000070e200000, 0x000000070e300000|  0%| F|  |TAMS 0x000000070e200000, 0x000000070e200000| Untracked 
| 199|0x000000070e300000, 0x000000070e300000, 0x000000070e400000|  0%| F|  |TAMS 0x000000070e300000, 0x000000070e300000| Untracked 
| 200|0x000000070e400000, 0x000000070e400000, 0x000000070e500000|  0%| F|  |TAMS 0x000000070e400000, 0x000000070e400000| Untracked 
| 201|0x000000070e500000, 0x000000070e500000, 0x000000070e600000|  0%| F|  |TAMS 0x000000070e500000, 0x000000070e500000| Untracked 
| 202|0x000000070e600000, 0x000000070e600000, 0x000000070e700000|  0%| F|  |TAMS 0x000000070e600000, 0x000000070e600000| Untracked 
| 203|0x000000070e700000, 0x000000070e700000, 0x000000070e800000|  0%| F|  |TAMS 0x000000070e700000, 0x000000070e700000| Untracked 
| 204|0x000000070e800000, 0x000000070e800000, 0x000000070e900000|  0%| F|  |TAMS 0x000000070e800000, 0x000000070e800000| Untracked 
| 205|0x000000070e900000, 0x000000070e900000, 0x000000070ea00000|  0%| F|  |TAMS 0x000000070e900000, 0x000000070e900000| Untracked 
| 206|0x000000070ea00000, 0x000000070ea00000, 0x000000070eb00000|  0%| F|  |TAMS 0x000000070ea00000, 0x000000070ea00000| Untracked 
| 207|0x000000070eb00000, 0x000000070eb00000, 0x000000070ec00000|  0%| F|  |TAMS 0x000000070eb00000, 0x000000070eb00000| Untracked 
| 208|0x000000070ec00000, 0x000000070ec00000, 0x000000070ed00000|  0%| F|  |TAMS 0x000000070ec00000, 0x000000070ec00000| Untracked 
| 209|0x000000070ed00000, 0x000000070ed00000, 0x000000070ee00000|  0%| F|  |TAMS 0x000000070ed00000, 0x000000070ed00000| Untracked 
| 210|0x000000070ee00000, 0x000000070ee00000, 0x000000070ef00000|  0%| F|  |TAMS 0x000000070ee00000, 0x000000070ee00000| Untracked 
| 211|0x000000070ef00000, 0x000000070ef00000, 0x000000070f000000|  0%| F|  |TAMS 0x000000070ef00000, 0x000000070ef00000| Untracked 
| 212|0x000000070f000000, 0x000000070f000000, 0x000000070f100000|  0%| F|  |TAMS 0x000000070f000000, 0x000000070f000000| Untracked 
| 213|0x000000070f100000, 0x000000070f100000, 0x000000070f200000|  0%| F|  |TAMS 0x000000070f100000, 0x000000070f100000| Untracked 
| 214|0x000000070f200000, 0x000000070f200000, 0x000000070f300000|  0%| F|  |TAMS 0x000000070f200000, 0x000000070f200000| Untracked 
| 215|0x000000070f300000, 0x000000070f300000, 0x000000070f400000|  0%| F|  |TAMS 0x000000070f300000, 0x000000070f300000| Untracked 
| 216|0x000000070f400000, 0x000000070f400000, 0x000000070f500000|  0%| F|  |TAMS 0x000000070f400000, 0x000000070f400000| Untracked 
| 217|0x000000070f500000, 0x000000070f500000, 0x000000070f600000|  0%| F|  |TAMS 0x000000070f500000, 0x000000070f500000| Untracked 
| 218|0x000000070f600000, 0x000000070f600000, 0x000000070f700000|  0%| F|  |TAMS 0x000000070f600000, 0x000000070f600000| Untracked 
| 219|0x000000070f700000, 0x000000070f700000, 0x000000070f800000|  0%| F|  |TAMS 0x000000070f700000, 0x000000070f700000| Untracked 
| 220|0x000000070f800000, 0x000000070f800000, 0x000000070f900000|  0%| F|  |TAMS 0x000000070f800000, 0x000000070f800000| Untracked 
| 221|0x000000070f900000, 0x000000070f900000, 0x000000070fa00000|  0%| F|  |TAMS 0x000000070f900000, 0x000000070f900000| Untracked 
| 222|0x000000070fa00000, 0x000000070fa00000, 0x000000070fb00000|  0%| F|  |TAMS 0x000000070fa00000, 0x000000070fa00000| Untracked 
| 223|0x000000070fb00000, 0x000000070fb00000, 0x000000070fc00000|  0%| F|  |TAMS 0x000000070fb00000, 0x000000070fb00000| Untracked 
| 224|0x000000070fc00000, 0x000000070fc00000, 0x000000070fd00000|  0%| F|  |TAMS 0x000000070fc00000, 0x000000070fc00000| Untracked 
| 225|0x000000070fd00000, 0x000000070fd00000, 0x000000070fe00000|  0%| F|  |TAMS 0x000000070fd00000, 0x000000070fd00000| Untracked 
| 226|0x000000070fe00000, 0x000000070fe00000, 0x000000070ff00000|  0%| F|  |TAMS 0x000000070fe00000, 0x000000070fe00000| Untracked 
| 227|0x000000070ff00000, 0x000000070ff00000, 0x0000000710000000|  0%| F|  |TAMS 0x000000070ff00000, 0x000000070ff00000| Untracked 
| 228|0x0000000710000000, 0x0000000710000000, 0x0000000710100000|  0%| F|  |TAMS 0x0000000710000000, 0x0000000710000000| Untracked 
| 229|0x0000000710100000, 0x0000000710100000, 0x0000000710200000|  0%| F|  |TAMS 0x0000000710100000, 0x0000000710100000| Untracked 
| 230|0x0000000710200000, 0x0000000710200000, 0x0000000710300000|  0%| F|  |TAMS 0x0000000710200000, 0x0000000710200000| Untracked 
| 231|0x0000000710300000, 0x0000000710300000, 0x0000000710400000|  0%| F|  |TAMS 0x0000000710300000, 0x0000000710300000| Untracked 
| 232|0x0000000710400000, 0x0000000710400000, 0x0000000710500000|  0%| F|  |TAMS 0x0000000710400000, 0x0000000710400000| Untracked 
| 233|0x0000000710500000, 0x0000000710500000, 0x0000000710600000|  0%| F|  |TAMS 0x0000000710500000, 0x0000000710500000| Untracked 
| 234|0x0000000710600000, 0x0000000710600000, 0x0000000710700000|  0%| F|  |TAMS 0x0000000710600000, 0x0000000710600000| Untracked 
| 235|0x0000000710700000, 0x0000000710700000, 0x0000000710800000|  0%| F|  |TAMS 0x0000000710700000, 0x0000000710700000| Untracked 
| 236|0x0000000710800000, 0x0000000710800000, 0x0000000710900000|  0%| F|  |TAMS 0x0000000710800000, 0x0000000710800000| Untracked 
| 237|0x0000000710900000, 0x0000000710900000, 0x0000000710a00000|  0%| F|  |TAMS 0x0000000710900000, 0x0000000710900000| Untracked 
| 238|0x0000000710a00000, 0x0000000710a00000, 0x0000000710b00000|  0%| F|  |TAMS 0x0000000710a00000, 0x0000000710a00000| Untracked 
| 239|0x0000000710b00000, 0x0000000710b00000, 0x0000000710c00000|  0%| F|  |TAMS 0x0000000710b00000, 0x0000000710b00000| Untracked 
| 240|0x0000000710c00000, 0x0000000710c00000, 0x0000000710d00000|  0%| F|  |TAMS 0x0000000710c00000, 0x0000000710c00000| Untracked 
| 241|0x0000000710d00000, 0x0000000710d00000, 0x0000000710e00000|  0%| F|  |TAMS 0x0000000710d00000, 0x0000000710d00000| Untracked 
| 242|0x0000000710e00000, 0x0000000710e00000, 0x0000000710f00000|  0%| F|  |TAMS 0x0000000710e00000, 0x0000000710e00000| Untracked 
| 243|0x0000000710f00000, 0x0000000710f00000, 0x0000000711000000|  0%| F|  |TAMS 0x0000000710f00000, 0x0000000710f00000| Untracked 
| 244|0x0000000711000000, 0x0000000711000000, 0x0000000711100000|  0%| F|  |TAMS 0x0000000711000000, 0x0000000711000000| Untracked 
| 245|0x0000000711100000, 0x0000000711100000, 0x0000000711200000|  0%| F|  |TAMS 0x0000000711100000, 0x0000000711100000| Untracked 
| 246|0x0000000711200000, 0x0000000711200000, 0x0000000711300000|  0%| F|  |TAMS 0x0000000711200000, 0x0000000711200000| Untracked 
| 247|0x0000000711300000, 0x0000000711300000, 0x0000000711400000|  0%| F|  |TAMS 0x0000000711300000, 0x0000000711300000| Untracked 
| 248|0x0000000711400000, 0x0000000711400000, 0x0000000711500000|  0%| F|  |TAMS 0x0000000711400000, 0x0000000711400000| Untracked 
| 249|0x0000000711500000, 0x0000000711500000, 0x0000000711600000|  0%| F|  |TAMS 0x0000000711500000, 0x0000000711500000| Untracked 
| 250|0x0000000711600000, 0x0000000711600000, 0x0000000711700000|  0%| F|  |TAMS 0x0000000711600000, 0x0000000711600000| Untracked 
| 251|0x0000000711700000, 0x0000000711700000, 0x0000000711800000|  0%| F|  |TAMS 0x0000000711700000, 0x0000000711700000| Untracked 
| 252|0x0000000711800000, 0x0000000711800000, 0x0000000711900000|  0%| F|  |TAMS 0x0000000711800000, 0x0000000711800000| Untracked 
| 253|0x0000000711900000, 0x00000007119f64e8, 0x0000000711a00000| 96%| E|  |TAMS 0x0000000711900000, 0x0000000711900000| Complete 
| 254|0x0000000711a00000, 0x0000000711b00000, 0x0000000711b00000|100%| E|CS|TAMS 0x0000000711a00000, 0x0000000711a00000| Complete 
| 255|0x0000000711b00000, 0x0000000711c00000, 0x0000000711c00000|100%| E|CS|TAMS 0x0000000711b00000, 0x0000000711b00000| Complete 

Card table byte_map: [0x000001edc30a0000,0x000001edc38a0000] _byte_map_base: 0x000001edbf892000

Marking Bits (Prev, Next): (CMBitMap*) 0x000001edaae3abf8, (CMBitMap*) 0x000001edaae3ac30
 Prev Bits: [0x000001edc40a0000, 0x000001edc8030000)
 Next Bits: [0x000001edc8030000, 0x000001edcbfc0000)

Polling page: 0x000001edaa5a0000

Metaspace:

Usage:
  Non-class:      6.06 MB capacity,     5.98 MB ( 99%) used,    79.69 KB (  1%) free+waste,     4.50 KB ( <1%) overhead. 
      Class:    643.00 KB capacity,   582.08 KB ( 91%) used,    58.73 KB (  9%) free+waste,     2.19 KB ( <1%) overhead. 
       Both:      6.69 MB capacity,     6.55 MB ( 98%) used,   138.42 KB (  2%) free+waste,     6.69 KB ( <1%) overhead. 

Virtual space:
  Non-class space:        8.00 MB reserved,       6.25 MB ( 78%) committed 
      Class space:        1.00 GB reserved,     768.00 KB ( <1%) committed 
             Both:        1.01 GB reserved,       7.00 MB ( <1%) committed 

Chunk freelists:
   Non-Class:  1.00 KB
       Class:  29.00 KB
        Both:  30.00 KB

MaxMetaspaceSize: 17179869184.00 GB
CompressedClassSpaceSize: 1.00 GB
Initial GC threshold: 20.80 MB
Current GC threshold: 20.80 MB
CDS: off

CodeHeap 'non-profiled nmethods': size=120000Kb used=107Kb max_used=107Kb free=119892Kb
 bounds [0x000001edbb030000, 0x000001edbb2a0000, 0x000001edc2560000]
CodeHeap 'profiled nmethods': size=120000Kb used=394Kb max_used=394Kb free=119605Kb
 bounds [0x000001edb3b00000, 0x000001edb3d70000, 0x000001edbb030000]
CodeHeap 'non-nmethods': size=5760Kb used=1099Kb max_used=1112Kb free=4660Kb
 bounds [0x000001edb3560000, 0x000001edb37d0000, 0x000001edb3b00000]
 total_blobs=671 nmethods=328 adapters=256
 compilation: enabled
              stopped_count=0, restarted_count=0
 full_count=0

Compilation events (20 events):
Event: 0.182 Thread 0x000001edcf5d8800 nmethod 318 0x000001edbb049b90 code [0x000001edbb049d20, 0x000001edbb049db8]
Event: 0.182 Thread 0x000001edcf45b800 nmethod 319 0x000001edb3b5d190 code [0x000001edb3b5d420, 0x000001edb3b5e1c8]
Event: 0.182 Thread 0x000001edcf45b800  317   !   3       jdk.internal.loader.URLClassPath$JarLoader::getResource (65 bytes)
Event: 0.183 Thread 0x000001edcf45b800 nmethod 317 0x000001edb3b5e890 code [0x000001edb3b5eb60, 0x000001edb3b5fa68]
Event: 0.183 Thread 0x000001edcf45b800  321       3       java.io.WinNTFileSystem::normalize (143 bytes)
Event: 0.184 Thread 0x000001edcf45b800 nmethod 321 0x000001edb3b5ff90 code [0x000001edb3b60220, 0x000001edb3b60d78]
Event: 0.184 Thread 0x000001edcf45b800  322       1       java.nio.Buffer::position (5 bytes)
Event: 0.184 Thread 0x000001edcf45b800 nmethod 322 0x000001edbb049e90 code [0x000001edbb04a040, 0x000001edbb04a0f8]
Event: 0.184 Thread 0x000001edcf45b800  323       1       java.nio.Buffer::limit (5 bytes)
Event: 0.184 Thread 0x000001edcf45b800 nmethod 323 0x000001edbb04a190 code [0x000001edbb04a340, 0x000001edbb04a3f8]
Event: 0.185 Thread 0x000001edcf45b800  324       3       java.util.Collections$UnmodifiableCollection$1::next (10 bytes)
Event: 0.185 Thread 0x000001edcf45b800 nmethod 324 0x000001edb3b61210 code [0x000001edb3b613c0, 0x000001edb3b61588]
Event: 0.185 Thread 0x000001edcf45b800  325       3       sun.nio.cs.SingleByte$Encoder::encode (32 bytes)
Event: 0.185 Thread 0x000001edcf45b800 nmethod 325 0x000001edb3b61690 code [0x000001edb3b61840, 0x000001edb3b619f8]
Event: 0.186 Thread 0x000001edcf45b800  326       3       java.nio.Buffer::position (52 bytes)
Event: 0.186 Thread 0x000001edcf45b800 nmethod 326 0x000001edb3b61b10 code [0x000001edb3b61ce0, 0x000001edb3b61f48]
Event: 0.187 Thread 0x000001edcf45b800  327       3       java.nio.ByteBuffer::arrayOffset (35 bytes)
Event: 0.187 Thread 0x000001edcf45b800 nmethod 327 0x000001edb3b62010 code [0x000001edb3b621e0, 0x000001edb3b62458]
Event: 0.187 Thread 0x000001edcf45b800  328       3       java.nio.CharBuffer::arrayOffset (35 bytes)
Event: 0.187 Thread 0x000001edcf45b800 nmethod 328 0x000001edb3b62590 code [0x000001edb3b62760, 0x000001edb3b629d8]

GC Heap History (0 events):
No events

Deoptimization events (20 events):
Event: 0.128 Thread 0x000001edaadd6800 Uncommon trap: trap_request=0xffffffde fr.pc=0x000001edbb03dd98 relative=0x0000000000000b18
Event: 0.128 Thread 0x000001edaadd6800 Uncommon trap: reason=class_check action=maybe_recompile pc=0x000001edbb03dd98 method=java.util.HashMap.putVal(ILjava/lang/Object;Ljava/lang/Object;ZZ)Ljava/lang/Object; @ 152 c2
Event: 0.128 Thread 0x000001edaadd6800 DEOPT PACKING pc=0x000001edbb03dd98 sp=0x000000a72edf65f0
Event: 0.128 Thread 0x000001edaadd6800 DEOPT UNPACKING pc=0x000001edb35aa1af sp=0x000000a72edf6570 mode 2
Event: 0.143 Thread 0x000001edaadd6800 Uncommon trap: trap_request=0xffffff4d fr.pc=0x000001edbb03b22c relative=0x000000000000018c
Event: 0.143 Thread 0x000001edaadd6800 Uncommon trap: reason=unstable_if action=reinterpret pc=0x000001edbb03b22c method=java.lang.String.equals(Ljava/lang/Object;)Z @ 27 c2
Event: 0.143 Thread 0x000001edaadd6800 DEOPT PACKING pc=0x000001edbb03b22c sp=0x000000a72edfe630
Event: 0.143 Thread 0x000001edaadd6800 DEOPT UNPACKING pc=0x000001edb35aa1af sp=0x000000a72edfe5d0 mode 2
Event: 0.144 Thread 0x000001edaadd6800 Uncommon trap: trap_request=0xffffffde fr.pc=0x000001edbb03dd98 relative=0x0000000000000b18
Event: 0.144 Thread 0x000001edaadd6800 Uncommon trap: reason=class_check action=maybe_recompile pc=0x000001edbb03dd98 method=java.util.HashMap.putVal(ILjava/lang/Object;Ljava/lang/Object;ZZ)Ljava/lang/Object; @ 152 c2
Event: 0.144 Thread 0x000001edaadd6800 DEOPT PACKING pc=0x000001edbb03dd98 sp=0x000000a72edfc860
Event: 0.144 Thread 0x000001edaadd6800 DEOPT UNPACKING pc=0x000001edb35aa1af sp=0x000000a72edfc7e0 mode 2
Event: 0.147 Thread 0x000001edaadd6800 Uncommon trap: trap_request=0xffffffde fr.pc=0x000001edbb03dd98 relative=0x0000000000000b18
Event: 0.147 Thread 0x000001edaadd6800 Uncommon trap: reason=class_check action=maybe_recompile pc=0x000001edbb03dd98 method=java.util.HashMap.putVal(ILjava/lang/Object;Ljava/lang/Object;ZZ)Ljava/lang/Object; @ 152 c2
Event: 0.147 Thread 0x000001edaadd6800 DEOPT PACKING pc=0x000001edbb03dd98 sp=0x000000a72edfab60
Event: 0.147 Thread 0x000001edaadd6800 DEOPT UNPACKING pc=0x000001edb35aa1af sp=0x000000a72edfaae0 mode 2
Event: 0.147 Thread 0x000001edaadd6800 Uncommon trap: trap_request=0xffffffde fr.pc=0x000001edbb03dd98 relative=0x0000000000000b18
Event: 0.147 Thread 0x000001edaadd6800 Uncommon trap: reason=class_check action=maybe_recompile pc=0x000001edbb03dd98 method=java.util.HashMap.putVal(ILjava/lang/Object;Ljava/lang/Object;ZZ)Ljava/lang/Object; @ 152 c2
Event: 0.147 Thread 0x000001edaadd6800 DEOPT PACKING pc=0x000001edbb03dd98 sp=0x000000a72edfab60
Event: 0.147 Thread 0x000001edaadd6800 DEOPT UNPACKING pc=0x000001edb35aa1af sp=0x000000a72edfaae0 mode 2

Classes redefined (0 events):
No events

Internal exceptions (2 events):
Event: 0.184 Thread 0x000001edaadd6800 Exception <a 'java/io/FileNotFoundException'{0x00000007119d9958}> (0x00000007119d9958) thrown at [s\src\hotspot\share\prims\jni.cpp, line 617]
Event: 0.186 Thread 0x000001edaadd6800 Exception <a 'java/lang/reflect/InvocationTargetException'{0x00000007119dfc30}> (0x00000007119dfc30) thrown at [s\src\hotspot\share\runtime\reflection.cpp, line 1245]

Events (20 events):
Event: 0.180 loading class org/jacoco/agent/rt/internal_43f5073/core/runtime/AbstractRuntime
Event: 0.180 loading class org/jacoco/agent/rt/internal_43f5073/core/runtime/AbstractRuntime done
Event: 0.181 loading class org/jacoco/agent/rt/internal_43f5073/Agent$2
Event: 0.181 loading class org/jacoco/agent/rt/internal_43f5073/Agent$2 done
Event: 0.181 loading class java/lang/NoSuchFieldError
Event: 0.181 loading class java/lang/IncompatibleClassChangeError
Event: 0.181 loading class java/lang/IncompatibleClassChangeError done
Event: 0.181 loading class java/lang/NoSuchFieldError done
Event: 0.181 loading class org/jacoco/agent/rt/internal_43f5073/output/FileOutput
Event: 0.181 loading class org/jacoco/agent/rt/internal_43f5073/output/FileOutput done
Event: 0.183 loading class java/io/FileNotFoundException
Event: 0.184 loading class java/io/FileNotFoundException done
Event: 0.184 loading class java/lang/Throwable$WrappedPrintStream
Event: 0.184 loading class java/lang/Throwable$PrintStreamOrWriter
Event: 0.184 loading class java/lang/Throwable$PrintStreamOrWriter done
Event: 0.184 loading class java/lang/Throwable$WrappedPrintStream done
Event: 0.184 loading class java/lang/StackTraceElement$HashedModules
Event: 0.184 loading class java/lang/StackTraceElement$HashedModules done
Event: 0.186 loading class java/lang/reflect/InvocationTargetException
Event: 0.186 loading class java/lang/reflect/InvocationTargetException done


Dynamic libraries:
0x00007ff668100000 - 0x00007ff66810e000 	C:\Program Files\Eclipse Adoptium\jdk-11.0.21.9-hotspot\bin\java.exe
0x00007ffc13d70000 - 0x00007ffc13f87000 	C:\WINDOWS\SYSTEM32\ntdll.dll
0x00007ffc132d0000 - 0x00007ffc13394000 	C:\WINDOWS\System32\KERNEL32.DLL
0x00007ffc116c0000 - 0x00007ffc11a67000 	C:\WINDOWS\System32\KERNELBASE.dll
0x00007ffc11340000 - 0x00007ffc11451000 	C:\WINDOWS\System32\ucrtbase.dll
0x00007ffbfcf70000 - 0x00007ffbfcf87000 	C:\Program Files\Eclipse Adoptium\jdk-11.0.21.9-hotspot\bin\jli.dll
0x00007ffc00c30000 - 0x00007ffc00c4b000 	C:\Program Files\Eclipse Adoptium\jdk-11.0.21.9-hotspot\bin\VCRUNTIME140.dll
0x00007ffc13760000 - 0x00007ffc1390e000 	C:\WINDOWS\System32\USER32.dll
0x00007ffc11520000 - 0x00007ffc11546000 	C:\WINDOWS\System32\win32u.dll
0x00007ffc0fc70000 - 0x00007ffc0ff03000 	C:\WINDOWS\WinSxS\amd64_microsoft.windows.common-controls_6595b64144ccf1df_6.0.22621.3430_none_270fe68173859015\COMCTL32.dll
0x00007ffc12a20000 - 0x00007ffc12a49000 	C:\WINDOWS\System32\GDI32.dll
0x00007ffc13910000 - 0x00007ffc139b7000 	C:\WINDOWS\System32\msvcrt.dll
0x00007ffc11220000 - 0x00007ffc11339000 	C:\WINDOWS\System32\gdi32full.dll
0x00007ffc110e0000 - 0x00007ffc1117a000 	C:\WINDOWS\System32\msvcp_win.dll
0x00007ffc12930000 - 0x00007ffc12961000 	C:\WINDOWS\System32\IMM32.DLL
0x00007ffc00c20000 - 0x00007ffc00c2c000 	C:\Program Files\Eclipse Adoptium\jdk-11.0.21.9-hotspot\bin\vcruntime140_1.dll
0x00007ffbfa1f0000 - 0x00007ffbfa27d000 	C:\Program Files\Eclipse Adoptium\jdk-11.0.21.9-hotspot\bin\msvcp140.dll
0x00007ffb81ba0000 - 0x00007ffb82763000 	C:\Program Files\Eclipse Adoptium\jdk-11.0.21.9-hotspot\bin\server\jvm.dll
0x00007ffc12fc0000 - 0x00007ffc13072000 	C:\WINDOWS\System32\ADVAPI32.dll
0x00007ffc12970000 - 0x00007ffc12a18000 	C:\WINDOWS\System32\sechost.dll
0x00007ffc111f0000 - 0x00007ffc11218000 	C:\WINDOWS\System32\bcrypt.dll
0x00007ffc13640000 - 0x00007ffc13755000 	C:\WINDOWS\System32\RPCRT4.dll
0x00007ffc12ed0000 - 0x00007ffc12ed8000 	C:\WINDOWS\System32\PSAPI.DLL
0x00007ffbf8cc0000 - 0x00007ffbf8cc9000 	C:\WINDOWS\SYSTEM32\WSOCK32.dll
0x00007ffc0f1f0000 - 0x00007ffc0f224000 	C:\WINDOWS\SYSTEM32\WINMM.dll
0x00007ffc08830000 - 0x00007ffc0883a000 	C:\WINDOWS\SYSTEM32\VERSION.dll
0x00007ffc12ee0000 - 0x00007ffc12f51000 	C:\WINDOWS\System32\WS2_32.dll
0x00007ffc100b0000 - 0x00007ffc100c8000 	C:\WINDOWS\SYSTEM32\kernel.appcore.dll
0x00007ffbfcf60000 - 0x00007ffbfcf70000 	C:\Program Files\Eclipse Adoptium\jdk-11.0.21.9-hotspot\bin\verify.dll
0x00007ffc0c090000 - 0x00007ffc0c2c3000 	C:\WINDOWS\SYSTEM32\DBGHELP.DLL
0x00007ffc122d0000 - 0x00007ffc12658000 	C:\WINDOWS\System32\combase.dll
0x00007ffc13090000 - 0x00007ffc13167000 	C:\WINDOWS\System32\OLEAUT32.dll
0x00007ffbcf110000 - 0x00007ffbcf142000 	C:\WINDOWS\SYSTEM32\dbgcore.DLL
0x00007ffc11060000 - 0x00007ffc110d9000 	C:\WINDOWS\System32\bcryptPrimitives.dll
0x00007ffbfc460000 - 0x00007ffbfc488000 	C:\Program Files\Eclipse Adoptium\jdk-11.0.21.9-hotspot\bin\java.dll
0x00007ffbfcf50000 - 0x00007ffbfcf5a000 	C:\Program Files\Eclipse Adoptium\jdk-11.0.21.9-hotspot\bin\jimage.dll
0x00007ffc0af20000 - 0x00007ffc0af2e000 	C:\Program Files\Eclipse Adoptium\jdk-11.0.21.9-hotspot\bin\instrument.dll
0x00007ffbfcb40000 - 0x00007ffbfcb58000 	C:\Program Files\Eclipse Adoptium\jdk-11.0.21.9-hotspot\bin\zip.dll
0x00007ffc11a70000 - 0x00007ffc122cb000 	C:\WINDOWS\System32\SHELL32.dll
0x00007ffc0f370000 - 0x00007ffc0fc64000 	C:\WINDOWS\SYSTEM32\windows.storage.dll
0x00007ffc0f230000 - 0x00007ffc0f36e000 	C:\WINDOWS\SYSTEM32\wintypes.dll
0x00007ffc133b0000 - 0x00007ffc134a4000 	C:\WINDOWS\System32\SHCORE.dll
0x00007ffc13c20000 - 0x00007ffc13c7e000 	C:\WINDOWS\System32\shlwapi.dll
0x00007ffc10f90000 - 0x00007ffc10fb1000 	C:\WINDOWS\SYSTEM32\profapi.dll
0x00007ffbfacb0000 - 0x00007ffbfacc9000 	C:\Program Files\Eclipse Adoptium\jdk-11.0.21.9-hotspot\bin\net.dll
0x00007ffc0a500000 - 0x00007ffc0a636000 	C:\WINDOWS\SYSTEM32\WINHTTP.dll
0x00007ffc10520000 - 0x00007ffc10589000 	C:\WINDOWS\system32\mswsock.dll
0x00007ffbfb8d0000 - 0x00007ffbfb8e2000 	C:\Program Files\Eclipse Adoptium\jdk-11.0.21.9-hotspot\bin\nio.dll
0x00007ffbdd450000 - 0x00007ffbdd467000 	C:\WINDOWS\system32\napinsp.dll
0x00007ffbdd430000 - 0x00007ffbdd44b000 	C:\WINDOWS\system32\pnrpnsp.dll
0x00007ffc0ee50000 - 0x00007ffc0ef49000 	C:\WINDOWS\SYSTEM32\DNSAPI.dll
0x00007ffc0ede0000 - 0x00007ffc0ee0d000 	C:\WINDOWS\SYSTEM32\IPHLPAPI.DLL
0x00007ffc13080000 - 0x00007ffc13089000 	C:\WINDOWS\System32\NSI.dll
0x00007ffbdd320000 - 0x00007ffbdd331000 	C:\WINDOWS\System32\winrnr.dll
0x00007ffbdfdc0000 - 0x00007ffbdfdd5000 	C:\WINDOWS\system32\wshbth.dll
0x00007ffbdd2f0000 - 0x00007ffbdd311000 	C:\WINDOWS\system32\nlansp_c.dll
0x00007ffbfea80000 - 0x00007ffbfea8a000 	C:\Windows\System32\rasadhlp.dll
0x00007ffc088e0000 - 0x00007ffc08963000 	C:\WINDOWS\System32\fwpuclnt.dll

dbghelp: loaded successfully - version: 4.0.5 - missing functions: none
symbol engine: initialized successfully - sym options: 0x614 - pdb path: .;C:\Program Files\Eclipse Adoptium\jdk-11.0.21.9-hotspot\bin;C:\WINDOWS\SYSTEM32;C:\WINDOWS\WinSxS\amd64_microsoft.windows.common-controls_6595b64144ccf1df_6.0.22621.3430_none_270fe68173859015;C:\Program Files\Eclipse Adoptium\jdk-11.0.21.9-hotspot\bin\server

VM Arguments:
jvm_args: -javaagent:C:\\Users\\Пользователь\\.m2\\repository\\org\\jacoco\\org.jacoco.agent\\0.8.5\\org.jacoco.agent-0.8.5-runtime.jar=destfile=C:\\Users\\Пользователь\\IdeaProjects\\CIandJCOCO\\target\\jacoco.exec 
java_command: C:\Users\73B5~1\AppData\Local\Temp\surefire2578825649477280925\surefirebooter12449895284839805357.jar C:\Users\Пользователь\AppData\Local\Temp\surefire2578825649477280925 2024-04-23T18-57-25_636-jvmRun1 surefire13821403481032208830tmp surefire_09264322072018570813tmp
java_class_path (initial): C:\Users\73B5~1\AppData\Local\Temp\surefire2578825649477280925\surefirebooter12449895284839805357.jar
Launcher Type: SUN_STANDARD

[Global flags]
     intx CICompilerCount                          = 4                                         {product} {ergonomic}
     uint ConcGCThreads                            = 2                                         {product} {ergonomic}
     uint G1ConcRefinementThreads                  = 8                                         {product} {ergonomic}
   size_t G1HeapRegionSize                         = 1048576                                   {product} {ergonomic}
    uintx GCDrainStackTargetSize                   = 64                                        {product} {ergonomic}
   size_t InitialHeapSize                          = 268435456                                 {product} {ergonomic}
   size_t MarkStackSize                            = 4194304                                   {product} {ergonomic}
   size_t MaxHeapSize                              = 4265607168                                {product} {ergonomic}
   size_t MaxNewSize                               = 2558525440                                {product} {ergonomic}
   size_t MinHeapDeltaBytes                        = 1048576                                   {product} {ergonomic}
    uintx NonNMethodCodeHeapSize                   = 5836300                                {pd product} {ergonomic}
    uintx NonProfiledCodeHeapSize                  = 122910970                              {pd product} {ergonomic}
    uintx ProfiledCodeHeapSize                     = 122910970                              {pd product} {ergonomic}
    uintx ReservedCodeCacheSize                    = 251658240                              {pd product} {ergonomic}
     bool SegmentedCodeCache                       = true                                      {product} {ergonomic}
     bool UseCompressedClassPointers               = true                                 {lp64_product} {ergonomic}
     bool UseCompressedOops                        = true                                 {lp64_product} {ergonomic}
     bool UseG1GC                                  = true                                      {product} {ergonomic}
     bool UseLargePagesIndividualAllocation        = false                                  {pd product} {ergonomic}

Logging:
Log output configuration:
 #0: stdout all=warning uptime,level,tags
 #1: stderr all=off uptime,level,tags

Environment Variables:
PATH=C:\Program Files\Eclipse Adoptium\jdk-11.0.21.9-hotspot\bin;C:\WINDOWS\system32;C:\WINDOWS;C:\WINDOWS\System32\Wbem;C:\WINDOWS\System32\WindowsPowerShell\v1.0\;C:\WINDOWS\System32\OpenSSH\;C:\Program Files\NVIDIA Corporation\NVIDIA NvDLISR;C:\Program Files (x86)\NVIDIA Corporation\PhysX\Common;C:\Program Files (x86)\dotnet\;C:\Program Files\dotnet\;C:\Program Files\Git\cmd;C:\Users\Пользователь\AppData\Local\Microsoft\WindowsApps;;C:\Users\Пользователь\AppData\Local\Programs\Microsoft VS Code\bin
USERNAME=Пользователь
OS=Windows_NT
PROCESSOR_IDENTIFIER=Intel64 Family 6 Model 142 Stepping 10, GenuineIntel
TMP=C:\Users\73B5~1\AppData\Local\Temp
TEMP=C:\Users\73B5~1\AppData\Local\Temp



---------------  S Y S T E M  ---------------

OS: Windows 11 , 64 bit Build 22621 (10.0.22621.3430)
OS uptime: 1 days 19:42 hours

CPU:total 8 (initial active 8) (4 cores per cpu, 2 threads per core) family 6 model 142 stepping 10 microcode 0xe0, cmov, cx8, fxsr, mmx, sse, sse2, sse3, ssse3, sse4.1, sse4.2, popcnt, avx, avx2, aes, clmul, erms, 3dnowpref, lzcnt, ht, tsc, tscinvbit, bmi1, bmi2, adx, fma

Memory: 4k page, system-wide physical 16268M (4507M free)
TotalPageFile size 18828M (AvailPageFile size 1885M)
current process WorkingSet (physical memory assigned to process): 46M, peak: 46M
current process commit charge ("private bytes"): 343M, peak: 343M

vm_info: OpenJDK 64-Bit Server VM (11.0.21+9) for windows-amd64 JRE (11.0.21+9), built on Oct 17 2023 22:10:05 by "" with MS VC++ 16.10 / 16.11 (VS2019)

END.
